<?xml version="1.0" encoding="UTF-8"?>
<!-- Generated by org.testng.reporters.JUnitXMLReporter -->
<testsuite ignored="0" hostname="kirantrk-18" failures="0" tests="5" name="Default test" time="3.394" errors="0" timestamp="2020-06-19T23:14:01 IST">
  <testcase classname="testCases.TC_Post_VideoGame_DDT" name="test_addNewVideGame" time="1.8"/>
  <testcase classname="testCases.TC_Post_VideoGame_DDT" name="test_addNewVideGame" time="0.025"/>
  <testcase classname="testCases.TC_Post_VideoGame_DDT" name="test_addNewVideGame" time="0.02"/>
  <testcase classname="testCases.TC_Post_VideoGame_DDT" name="test_addNewVideGame" time="0.025"/>
  <testcase classname="testCases.TC_Post_VideoGame_DDT" name="test_addNewVideGame" time="0.02"/>
</testsuite> <!-- Default test -->
