<?xml version="1.0" encoding="UTF-8"?>
<testng-results ignored="0" total="5" passed="5" failed="0" skipped="0">
  <reporter-output>
  </reporter-output>
  <suite started-at="2020-06-19T23:13:58 IST" name="Default suite" finished-at="2020-06-19T23:14:01 IST" duration-ms="3394">
    <groups>
    </groups>
    <test started-at="2020-06-19T23:13:58 IST" name="Default test" finished-at="2020-06-19T23:14:01 IST" duration-ms="3394">
      <class name="testCases.TC_Post_VideoGame_DDT">
        <test-method signature="test_addNewVideGame(java.lang.String, java.lang.String, java.lang.String, java.lang.String, java.lang.String, java.lang.String)[pri:1, instance:testCases.TC_Post_VideoGame_DDT@6631f5ca]" started-at="2020-06-19T23:13:59 IST" name="test_addNewVideGame" data-provider="dp" finished-at="2020-06-19T23:14:01 IST" duration-ms="1800" status="PASS">
          <params>
            <param index="0">
              <value>
                <![CDATA[101]]>
              </value>
            </param>
            <param index="1">
              <value>
                <![CDATA[Hide-and-seek]]>
              </value>
            </param>
            <param index="2">
              <value>
                <![CDATA[2019-09-20T08:55:58.510Z]]>
              </value>
            </param>
            <param index="3">
              <value>
                <![CDATA[4]]>
              </value>
            </param>
            <param index="4">
              <value>
                <![CDATA[Adventure]]>
              </value>
            </param>
            <param index="5">
              <value>
                <![CDATA[Universal]]>
              </value>
            </param>
          </params>
          <reporter-output>
          </reporter-output>
        </test-method> <!-- test_addNewVideGame -->
        <test-method signature="test_addNewVideGame(java.lang.String, java.lang.String, java.lang.String, java.lang.String, java.lang.String, java.lang.String)[pri:1, instance:testCases.TC_Post_VideoGame_DDT@6631f5ca]" started-at="2020-06-19T23:14:01 IST" name="test_addNewVideGame" data-provider="dp" finished-at="2020-06-19T23:14:01 IST" duration-ms="25" status="PASS">
          <params>
            <param index="0">
              <value>
                <![CDATA[102]]>
              </value>
            </param>
            <param index="1">
              <value>
                <![CDATA[Musical chairs]]>
              </value>
            </param>
            <param index="2">
              <value>
                <![CDATA[2019-09-20T08:55:58.510Z]]>
              </value>
            </param>
            <param index="3">
              <value>
                <![CDATA[3]]>
              </value>
            </param>
            <param index="4">
              <value>
                <![CDATA[Adventure]]>
              </value>
            </param>
            <param index="5">
              <value>
                <![CDATA[Universal]]>
              </value>
            </param>
          </params>
          <reporter-output>
          </reporter-output>
        </test-method> <!-- test_addNewVideGame -->
        <test-method signature="test_addNewVideGame(java.lang.String, java.lang.String, java.lang.String, java.lang.String, java.lang.String, java.lang.String)[pri:1, instance:testCases.TC_Post_VideoGame_DDT@6631f5ca]" started-at="2020-06-19T23:14:01 IST" name="test_addNewVideGame" data-provider="dp" finished-at="2020-06-19T23:14:01 IST" duration-ms="20" status="PASS">
          <params>
            <param index="0">
              <value>
                <![CDATA[103]]>
              </value>
            </param>
            <param index="1">
              <value>
                <![CDATA[Charades]]>
              </value>
            </param>
            <param index="2">
              <value>
                <![CDATA[2019-09-20T08:55:58.510Z]]>
              </value>
            </param>
            <param index="3">
              <value>
                <![CDATA[4]]>
              </value>
            </param>
            <param index="4">
              <value>
                <![CDATA[Adventure]]>
              </value>
            </param>
            <param index="5">
              <value>
                <![CDATA[Universal]]>
              </value>
            </param>
          </params>
          <reporter-output>
          </reporter-output>
        </test-method> <!-- test_addNewVideGame -->
        <test-method signature="test_addNewVideGame(java.lang.String, java.lang.String, java.lang.String, java.lang.String, java.lang.String, java.lang.String)[pri:1, instance:testCases.TC_Post_VideoGame_DDT@6631f5ca]" started-at="2020-06-19T23:14:01 IST" name="test_addNewVideGame" data-provider="dp" finished-at="2020-06-19T23:14:01 IST" duration-ms="25" status="PASS">
          <params>
            <param index="0">
              <value>
                <![CDATA[104]]>
              </value>
            </param>
            <param index="1">
              <value>
                <![CDATA[Pictionary]]>
              </value>
            </param>
            <param index="2">
              <value>
                <![CDATA[2019-09-20T08:55:58.510Z]]>
              </value>
            </param>
            <param index="3">
              <value>
                <![CDATA[5]]>
              </value>
            </param>
            <param index="4">
              <value>
                <![CDATA[Adventure]]>
              </value>
            </param>
            <param index="5">
              <value>
                <![CDATA[Universal]]>
              </value>
            </param>
          </params>
          <reporter-output>
          </reporter-output>
        </test-method> <!-- test_addNewVideGame -->
        <test-method signature="test_addNewVideGame(java.lang.String, java.lang.String, java.lang.String, java.lang.String, java.lang.String, java.lang.String)[pri:1, instance:testCases.TC_Post_VideoGame_DDT@6631f5ca]" started-at="2020-06-19T23:14:01 IST" name="test_addNewVideGame" data-provider="dp" finished-at="2020-06-19T23:14:01 IST" duration-ms="20" status="PASS">
          <params>
            <param index="0">
              <value>
                <![CDATA[105]]>
              </value>
            </param>
            <param index="1">
              <value>
                <![CDATA[Spider-Man]]>
              </value>
            </param>
            <param index="2">
              <value>
                <![CDATA[2019-09-20T08:55:58.510Z]]>
              </value>
            </param>
            <param index="3">
              <value>
                <![CDATA[5]]>
              </value>
            </param>
            <param index="4">
              <value>
                <![CDATA[Adventure]]>
              </value>
            </param>
            <param index="5">
              <value>
                <![CDATA[Universal]]>
              </value>
            </param>
          </params>
          <reporter-output>
          </reporter-output>
        </test-method> <!-- test_addNewVideGame -->
      </class> <!-- testCases.TC_Post_VideoGame_DDT -->
    </test> <!-- Default test -->
  </suite> <!-- Default suite -->
</testng-results>
